/*C2*/SET SCHEMA PUBLIC
ALTER TABLE "ocr$image" RENAME TO "tesseractocr$image"
DELETE FROM "system$image" WHERE "id"=1970324836974593
DELETE FROM "system$image" WHERE "id"=1970324836974594
DELETE FROM "system$image" WHERE "id"=1970324836974595
DELETE FROM "system$image" WHERE "id"=1970324836974596
DELETE FROM "system$image" WHERE "id"=1970324836974597
DELETE FROM "system$image" WHERE "id"=1970324836974598
DELETE FROM "system$image" WHERE "id"=1970324836974693
DELETE FROM "system$image" WHERE "id"=1970324836974694
DELETE FROM "system$image" WHERE "id"=1970324836974695
DELETE FROM "system$image" WHERE "id"=1970324836974696
DELETE FROM "system$image" WHERE "id"=1970324836974697
DELETE FROM "system$image" WHERE "id"=1970324836974698
DELETE FROM "system$image" WHERE "id"=1970324836974699
DELETE FROM "system$image" WHERE "id"=1970324836974700
DELETE FROM "system$image" WHERE "id"=1970324836974701
DELETE FROM "system$image" WHERE "id"=1970324836974793
DELETE FROM "system$image" WHERE "id"=1970324836974893
DELETE FROM "system$image" WHERE "id"=1970324836974993
DELETE FROM "system$image" WHERE "id"=1970324836974994
DELETE FROM "system$image" WHERE "id"=1970324836975193
DELETE FROM "system$image" WHERE "id"=1970324836975194
DELETE FROM "system$image" WHERE "id"=1970324836975195
DELETE FROM "system$image" WHERE "id"=1970324836975293
DELETE FROM "system$image" WHERE "id"=1970324836975294
DELETE FROM "system$image" WHERE "id"=1970324836975295
DELETE FROM "system$image" WHERE "id"=1970324836975393
DELETE FROM "system$image" WHERE "id"=1970324836975395
DELETE FROM "system$image" WHERE "id"=1970324836975493
DELETE FROM "system$image" WHERE "id"=1970324836975494
DELETE FROM "system$image" WHERE "id"=1970324836975495
DELETE FROM "system$image" WHERE "id"=1970324836975496
DELETE FROM "system$image" WHERE "id"=1970324836975497
DELETE FROM "system$image" WHERE "id"=1970324836975498
DELETE FROM "system$image" WHERE "id"=1970324836975499
DELETE FROM "system$image" WHERE "id"=1970324836975500
DELETE FROM "system$image" WHERE "id"=1970324836975501
DELETE FROM "system$image" WHERE "id"=1970324836975502
DELETE FROM "system$image" WHERE "id"=1970324836975503
DELETE FROM "system$image" WHERE "id"=1970324836975593
DELETE FROM "system$image" WHERE "id"=1970324836975693
DELETE FROM "system$image" WHERE "id"=1970324836975694
DELETE FROM "system$image" WHERE "id"=1970324836975696
DELETE FROM "system$image" WHERE "id"=1970324836975793
DELETE FROM "system$image" WHERE "id"=1970324836975794
DELETE FROM "system$image" WHERE "id"=1970324836975795
DELETE FROM "system$image" WHERE "id"=1970324836975796
DELETE FROM "system$image" WHERE "id"=1970324836975797
DELETE FROM "system$image" WHERE "id"=1970324836975798
DELETE FROM "system$image" WHERE "id"=1970324836975799
DELETE FROM "system$image" WHERE "id"=1970324836975800
DELETE FROM "system$image" WHERE "id"=1970324836975802
DELETE FROM "system$image" WHERE "id"=1970324836975803
DELETE FROM "system$image" WHERE "id"=1970324836975804
DELETE FROM "system$image" WHERE "id"=1970324836975805
DELETE FROM "system$image" WHERE "id"=1970324836975806
DELETE FROM "system$image" WHERE "id"=1970324836975807
DELETE FROM "system$image" WHERE "id"=1970324836975893
DELETE FROM "system$image" WHERE "id"=1970324836975894
INSERT INTO "system$image" VALUES(1970324836974593,NULL,'TesseractOCR.Image')
INSERT INTO "system$image" VALUES(1970324836974594,NULL,'TesseractOCR.Image')
INSERT INTO "system$image" VALUES(1970324836974595,NULL,'TesseractOCR.Image')
INSERT INTO "system$image" VALUES(1970324836974596,NULL,'TesseractOCR.Image')
INSERT INTO "system$image" VALUES(1970324836974597,NULL,'TesseractOCR.Image')
INSERT INTO "system$image" VALUES(1970324836974598,NULL,'TesseractOCR.Image')
INSERT INTO "system$image" VALUES(1970324836974693,NULL,'TesseractOCR.Image')
INSERT INTO "system$image" VALUES(1970324836974694,NULL,'TesseractOCR.Image')
INSERT INTO "system$image" VALUES(1970324836974695,NULL,'TesseractOCR.Image')
INSERT INTO "system$image" VALUES(1970324836974696,NULL,'TesseractOCR.Image')
INSERT INTO "system$image" VALUES(1970324836974697,NULL,'TesseractOCR.Image')
INSERT INTO "system$image" VALUES(1970324836974698,NULL,'TesseractOCR.Image')
INSERT INTO "system$image" VALUES(1970324836974699,NULL,'TesseractOCR.Image')
INSERT INTO "system$image" VALUES(1970324836974700,NULL,'TesseractOCR.Image')
INSERT INTO "system$image" VALUES(1970324836974701,NULL,'TesseractOCR.Image')
INSERT INTO "system$image" VALUES(1970324836974793,NULL,'TesseractOCR.Image')
INSERT INTO "system$image" VALUES(1970324836974893,NULL,'TesseractOCR.Image')
INSERT INTO "system$image" VALUES(1970324836974993,NULL,'TesseractOCR.Image')
INSERT INTO "system$image" VALUES(1970324836974994,NULL,'TesseractOCR.Image')
INSERT INTO "system$image" VALUES(1970324836975193,NULL,'TesseractOCR.Image')
INSERT INTO "system$image" VALUES(1970324836975194,NULL,'TesseractOCR.Image')
INSERT INTO "system$image" VALUES(1970324836975195,NULL,'TesseractOCR.Image')
INSERT INTO "system$image" VALUES(1970324836975293,NULL,'TesseractOCR.Image')
INSERT INTO "system$image" VALUES(1970324836975294,NULL,'TesseractOCR.Image')
INSERT INTO "system$image" VALUES(1970324836975295,NULL,'TesseractOCR.Image')
INSERT INTO "system$image" VALUES(1970324836975393,NULL,'TesseractOCR.Image')
INSERT INTO "system$image" VALUES(1970324836975395,NULL,'TesseractOCR.Image')
INSERT INTO "system$image" VALUES(1970324836975493,NULL,'TesseractOCR.Image')
INSERT INTO "system$image" VALUES(1970324836975494,NULL,'TesseractOCR.Image')
INSERT INTO "system$image" VALUES(1970324836975495,NULL,'TesseractOCR.Image')
INSERT INTO "system$image" VALUES(1970324836975496,NULL,'TesseractOCR.Image')
INSERT INTO "system$image" VALUES(1970324836975497,NULL,'TesseractOCR.Image')
INSERT INTO "system$image" VALUES(1970324836975498,NULL,'TesseractOCR.Image')
INSERT INTO "system$image" VALUES(1970324836975499,NULL,'TesseractOCR.Image')
INSERT INTO "system$image" VALUES(1970324836975500,NULL,'TesseractOCR.Image')
INSERT INTO "system$image" VALUES(1970324836975501,NULL,'TesseractOCR.Image')
INSERT INTO "system$image" VALUES(1970324836975502,NULL,'TesseractOCR.Image')
INSERT INTO "system$image" VALUES(1970324836975503,NULL,'TesseractOCR.Image')
INSERT INTO "system$image" VALUES(1970324836975593,NULL,'TesseractOCR.Image')
INSERT INTO "system$image" VALUES(1970324836975693,NULL,'TesseractOCR.Image')
INSERT INTO "system$image" VALUES(1970324836975694,NULL,'TesseractOCR.Image')
INSERT INTO "system$image" VALUES(1970324836975696,NULL,'TesseractOCR.Image')
INSERT INTO "system$image" VALUES(1970324836975793,NULL,'TesseractOCR.Image')
INSERT INTO "system$image" VALUES(1970324836975794,NULL,'TesseractOCR.Image')
INSERT INTO "system$image" VALUES(1970324836975795,NULL,'TesseractOCR.Image')
INSERT INTO "system$image" VALUES(1970324836975796,NULL,'TesseractOCR.Image')
INSERT INTO "system$image" VALUES(1970324836975797,NULL,'TesseractOCR.Image')
INSERT INTO "system$image" VALUES(1970324836975798,NULL,'TesseractOCR.Image')
INSERT INTO "system$image" VALUES(1970324836975799,NULL,'TesseractOCR.Image')
INSERT INTO "system$image" VALUES(1970324836975800,NULL,'TesseractOCR.Image')
INSERT INTO "system$image" VALUES(1970324836975802,NULL,'TesseractOCR.Image')
INSERT INTO "system$image" VALUES(1970324836975803,NULL,'TesseractOCR.Image')
INSERT INTO "system$image" VALUES(1970324836975804,NULL,'TesseractOCR.Image')
INSERT INTO "system$image" VALUES(1970324836975805,NULL,'TesseractOCR.Image')
INSERT INTO "system$image" VALUES(1970324836975806,NULL,'TesseractOCR.Image')
INSERT INTO "system$image" VALUES(1970324836975807,NULL,'TesseractOCR.Image')
INSERT INTO "system$image" VALUES(1970324836975893,NULL,'TesseractOCR.Image')
INSERT INTO "system$image" VALUES(1970324836975894,NULL,'TesseractOCR.Image')
DELETE FROM "system$filedocument" WHERE "id"=1970324836974593
DELETE FROM "system$filedocument" WHERE "id"=1970324836974594
DELETE FROM "system$filedocument" WHERE "id"=1970324836974595
DELETE FROM "system$filedocument" WHERE "id"=1970324836974596
DELETE FROM "system$filedocument" WHERE "id"=1970324836974597
DELETE FROM "system$filedocument" WHERE "id"=1970324836974598
DELETE FROM "system$filedocument" WHERE "id"=1970324836974693
DELETE FROM "system$filedocument" WHERE "id"=1970324836974694
DELETE FROM "system$filedocument" WHERE "id"=1970324836974695
DELETE FROM "system$filedocument" WHERE "id"=1970324836974696
DELETE FROM "system$filedocument" WHERE "id"=1970324836974697
DELETE FROM "system$filedocument" WHERE "id"=1970324836974698
DELETE FROM "system$filedocument" WHERE "id"=1970324836974699
DELETE FROM "system$filedocument" WHERE "id"=1970324836974700
DELETE FROM "system$filedocument" WHERE "id"=1970324836974701
DELETE FROM "system$filedocument" WHERE "id"=1970324836974793
DELETE FROM "system$filedocument" WHERE "id"=1970324836974893
DELETE FROM "system$filedocument" WHERE "id"=1970324836974993
DELETE FROM "system$filedocument" WHERE "id"=1970324836974994
DELETE FROM "system$filedocument" WHERE "id"=1970324836975193
DELETE FROM "system$filedocument" WHERE "id"=1970324836975194
DELETE FROM "system$filedocument" WHERE "id"=1970324836975195
DELETE FROM "system$filedocument" WHERE "id"=1970324836975293
DELETE FROM "system$filedocument" WHERE "id"=1970324836975294
DELETE FROM "system$filedocument" WHERE "id"=1970324836975295
DELETE FROM "system$filedocument" WHERE "id"=1970324836975393
DELETE FROM "system$filedocument" WHERE "id"=1970324836975395
DELETE FROM "system$filedocument" WHERE "id"=1970324836975493
DELETE FROM "system$filedocument" WHERE "id"=1970324836975494
DELETE FROM "system$filedocument" WHERE "id"=1970324836975495
DELETE FROM "system$filedocument" WHERE "id"=1970324836975496
DELETE FROM "system$filedocument" WHERE "id"=1970324836975497
DELETE FROM "system$filedocument" WHERE "id"=1970324836975498
DELETE FROM "system$filedocument" WHERE "id"=1970324836975499
DELETE FROM "system$filedocument" WHERE "id"=1970324836975500
DELETE FROM "system$filedocument" WHERE "id"=1970324836975501
DELETE FROM "system$filedocument" WHERE "id"=1970324836975502
DELETE FROM "system$filedocument" WHERE "id"=1970324836975503
DELETE FROM "system$filedocument" WHERE "id"=1970324836975593
DELETE FROM "system$filedocument" WHERE "id"=1970324836975693
DELETE FROM "system$filedocument" WHERE "id"=1970324836975694
DELETE FROM "system$filedocument" WHERE "id"=1970324836975696
DELETE FROM "system$filedocument" WHERE "id"=1970324836975793
DELETE FROM "system$filedocument" WHERE "id"=1970324836975794
DELETE FROM "system$filedocument" WHERE "id"=1970324836975795
DELETE FROM "system$filedocument" WHERE "id"=1970324836975796
DELETE FROM "system$filedocument" WHERE "id"=1970324836975797
DELETE FROM "system$filedocument" WHERE "id"=1970324836975798
DELETE FROM "system$filedocument" WHERE "id"=1970324836975799
DELETE FROM "system$filedocument" WHERE "id"=1970324836975800
DELETE FROM "system$filedocument" WHERE "id"=1970324836975802
DELETE FROM "system$filedocument" WHERE "id"=1970324836975803
DELETE FROM "system$filedocument" WHERE "id"=1970324836975804
DELETE FROM "system$filedocument" WHERE "id"=1970324836975805
DELETE FROM "system$filedocument" WHERE "id"=1970324836975806
DELETE FROM "system$filedocument" WHERE "id"=1970324836975807
DELETE FROM "system$filedocument" WHERE "id"=1970324836975893
DELETE FROM "system$filedocument" WHERE "id"=1970324836975894
INSERT INTO "system$filedocument" VALUES(1970324836974593,'05776cde-62b9-4ac8-b1c5-832b6b99a3cc',FALSE,'2022-11-28 11:05:33.538000',NULL,'2022-11-28 11:05:24.011000',13520,TRUE,1,0,'41NVaIGeUFL._SX355_.jpg','TesseractOCR.Image',281474976710657,281474976710657)
INSERT INTO "system$filedocument" VALUES(1970324836974594,'430c7797-4e49-4f06-8c01-7826614513e7',FALSE,'2022-11-28 11:07:03.304000',NULL,'2022-11-28 11:06:57.687000',13520,TRUE,3,0,'41NVaIGeUFL._SX355_.jpg','TesseractOCR.Image',281474976710657,281474976710657)
INSERT INTO "system$filedocument" VALUES(1970324836974595,'2188621e-39e2-4872-b2d2-cc93e2f0a035',FALSE,'2022-11-28 11:08:03.715000',NULL,'2022-11-28 11:07:53.005000',13520,TRUE,5,0,'41NVaIGeUFL._SX355_.jpg','TesseractOCR.Image',281474976710657,281474976710657)
INSERT INTO "system$filedocument" VALUES(1970324836974596,'ce6f7742-6593-4710-9e42-76143da718c9',FALSE,'2022-11-28 11:17:31.546000',NULL,'2022-11-28 11:16:07.351000',13520,TRUE,7,0,'41NVaIGeUFL._SX355_.jpg','TesseractOCR.Image',281474976710657,281474976710657)
INSERT INTO "system$filedocument" VALUES(1970324836974597,'8fe1c654-32a7-4b91-8fdc-9c2daef44f14',FALSE,'2022-11-28 11:18:39.061000',NULL,'2022-11-28 11:18:32.801000',13520,TRUE,9,0,'41NVaIGeUFL._SX355_.jpg','TesseractOCR.Image',281474976710657,281474976710657)
INSERT INTO "system$filedocument" VALUES(1970324836974598,'3ed9fb02-fb6b-4cdf-8f89-be7edf714cfd',FALSE,'2022-11-28 11:18:53.486000',NULL,'2022-11-28 11:18:48.017000',13520,TRUE,11,0,'41NVaIGeUFL._SX355_.jpg','TesseractOCR.Image',281474976710657,281474976710657)
INSERT INTO "system$filedocument" VALUES(1970324836974693,'12273cc0-bf17-41be-9d10-fc7e4d82c460',FALSE,'2022-11-28 12:42:00.157000',NULL,'2022-11-28 12:41:55.927000',13520,TRUE,13,0,'41NVaIGeUFL._SX355_.jpg','TesseractOCR.Image',281474976710757,281474976710757)
INSERT INTO "system$filedocument" VALUES(1970324836974694,'bb4227e6-7c6f-40c5-bbd6-41fe1240fd02',FALSE,'2022-11-28 12:44:19.957000',NULL,'2022-11-28 12:44:16.360000',13520,TRUE,15,0,'41NVaIGeUFL._SX355_.jpg','TesseractOCR.Image',281474976710757,281474976710757)
INSERT INTO "system$filedocument" VALUES(1970324836974695,'5a21e235-98ba-4fbe-8ed2-0cca696f342d',FALSE,'2022-11-28 12:44:57.337000',NULL,'2022-11-28 12:44:52.005000',13520,TRUE,17,0,'41NVaIGeUFL._SX355_.jpg','TesseractOCR.Image',281474976710757,281474976710757)
INSERT INTO "system$filedocument" VALUES(1970324836974696,'b31c99aa-87b5-49b3-bb23-79233893d9c0',FALSE,'2022-11-28 12:46:45.803000',NULL,'2022-11-28 12:46:41.448000',13520,TRUE,19,0,'41NVaIGeUFL._SX355_.jpg','TesseractOCR.Image',281474976710757,281474976710757)
INSERT INTO "system$filedocument" VALUES(1970324836974697,'9a265aee-2014-4091-8824-b88a953c38cd',FALSE,'2022-11-28 12:49:00.940000',NULL,'2022-11-28 12:48:55.171000',13520,TRUE,21,0,'41NVaIGeUFL._SX355_.jpg','TesseractOCR.Image',281474976710757,281474976710757)
INSERT INTO "system$filedocument" VALUES(1970324836974698,'7465ed16-f5d3-40e2-99cc-03e59ad7f0fa',FALSE,'2022-11-28 12:49:22.774000',NULL,'2022-11-28 12:49:18.192000',13520,TRUE,23,0,'41NVaIGeUFL._SX355_.jpg','TesseractOCR.Image',281474976710757,281474976710757)
INSERT INTO "system$filedocument" VALUES(1970324836974699,'ecc051bf-242c-4033-a36b-83b2e55ba81c',FALSE,'2022-11-28 12:53:45.385000',NULL,'2022-11-28 12:53:15.439000',13520,TRUE,25,0,'41NVaIGeUFL._SX355_.jpg','TesseractOCR.Image',281474976710757,281474976710757)
INSERT INTO "system$filedocument" VALUES(1970324836974700,'aadb70e7-55e5-4614-8f4b-4c28977dc6c8',FALSE,'2022-11-28 12:54:34.158000',NULL,'2022-11-28 12:54:29.907000',13520,TRUE,27,0,'41NVaIGeUFL._SX355_.jpg','TesseractOCR.Image',281474976710757,281474976710757)
INSERT INTO "system$filedocument" VALUES(1970324836974701,'2ece9da9-236a-4d92-a952-9ee83759e45c',FALSE,'2022-11-28 12:55:17.477000',NULL,'2022-11-28 12:54:52.302000',13520,TRUE,29,0,'41NVaIGeUFL._SX355_.jpg','TesseractOCR.Image',281474976710757,281474976710757)
INSERT INTO "system$filedocument" VALUES(1970324836974793,'14abf856-46e4-46e7-9619-e514c170e65e',FALSE,'2022-11-28 13:18:16.777000',NULL,'2022-11-28 13:18:13.002000',13520,TRUE,31,0,'41NVaIGeUFL._SX355_.jpg','TesseractOCR.Image',281474976710857,281474976710857)
INSERT INTO "system$filedocument" VALUES(1970324836974893,'96503092-d3de-45e4-bc6a-3e180e6216fe',FALSE,'2022-11-28 13:19:03.851000',NULL,'2022-11-28 13:18:58.212000',13520,TRUE,33,0,'41NVaIGeUFL._SX355_.jpg','TesseractOCR.Image',281474976710957,281474976710957)
INSERT INTO "system$filedocument" VALUES(1970324836974993,'b815a6f9-3582-41d7-8b5f-7b75edf95c83',FALSE,'2022-11-28 13:25:34.901000',NULL,'2022-11-28 13:25:27.755000',3028,TRUE,36,0,'sample.pdf','TesseractOCR.Image',281474976711057,281474976711057)
INSERT INTO "system$filedocument" VALUES(1970324836974994,'49f6d675-1024-4a63-a86d-de661d01581e',FALSE,'2022-11-28 13:26:52.646000',NULL,'2022-11-28 13:26:43.974000',3028,TRUE,37,0,'sample.pdf','TesseractOCR.Image',281474976711057,281474976711057)
INSERT INTO "system$filedocument" VALUES(1970324836975193,'d22298f3-4be8-490a-b9e8-6b1a998e468f',FALSE,'2022-11-28 14:51:25.644000',NULL,'2022-11-28 14:50:20.210000',99283,TRUE,39,0,'demo.gif','TesseractOCR.Image',281474976711257,281474976711257)
INSERT INTO "system$filedocument" VALUES(1970324836975194,'6c555383-c797-4893-a399-e83b4a309421',FALSE,'2022-11-28 14:58:42.011000',NULL,'2022-11-28 14:58:35.500000',13520,TRUE,41,0,'41NVaIGeUFL._SX355_.jpg','TesseractOCR.Image',281474976711257,281474976711257)
INSERT INTO "system$filedocument" VALUES(1970324836975195,'750a82c1-8977-453a-8021-5d945402a5a5',FALSE,'2022-11-28 14:59:10.117000',NULL,'2022-11-28 14:58:47.042000',56952,TRUE,43,0,'ocr.jpg','TesseractOCR.Image',281474976711257,281474976711257)
INSERT INTO "system$filedocument" VALUES(1970324836975293,'08452d39-63e3-4e08-904b-7cfbe121864b',FALSE,'2022-11-29 10:50:21.699000',NULL,'2022-11-29 10:50:15.504000',13520,TRUE,45,0,'41NVaIGeUFL._SX355_.jpg','TesseractOCR.Image',281474976711457,281474976711457)
INSERT INTO "system$filedocument" VALUES(1970324836975294,'4af06c79-7008-45f2-828f-2e0451cd10cb',FALSE,'2022-11-29 10:51:03.210000',NULL,'2022-11-29 10:50:57.750000',13520,TRUE,47,0,'41NVaIGeUFL._SX355_.jpg','TesseractOCR.Image',281474976711457,281474976711457)
INSERT INTO "system$filedocument" VALUES(1970324836975295,'0799c75b-f87e-42ec-8cfb-6ae9b028cde5',FALSE,'2022-11-29 10:52:13.657000',NULL,'2022-11-29 10:52:09.205000',13520,TRUE,49,0,'41NVaIGeUFL._SX355_.jpg','TesseractOCR.Image',281474976711457,281474976711457)
INSERT INTO "system$filedocument" VALUES(1970324836975393,'0e89a7da-7c28-482f-8726-4cafb361e658',FALSE,'2022-11-29 11:29:30.042000',NULL,'2022-11-29 11:29:21.872000',13520,TRUE,51,0,'41NVaIGeUFL._SX355_.jpg','TesseractOCR.Image',281474976711557,281474976711557)
INSERT INTO "system$filedocument" VALUES(1970324836975395,'4080d3be-cf3e-41d8-b994-aea558b3eeda',FALSE,'2022-11-29 12:07:45.275000',NULL,'2022-11-29 12:07:28.993000',21822,TRUE,54,0,'1c0f6596f6a85fdf6fb57ac4096739e6.gif','TesseractOCR.Image',281474976711557,281474976711557)
INSERT INTO "system$filedocument" VALUES(1970324836975493,'a536e46f-8992-4dcd-8d54-d8471827fa76',FALSE,'2022-11-30 07:21:00.396000',NULL,'2022-11-30 07:20:50.513000',16031,TRUE,56,0,'JS Step 1.PNG','TesseractOCR.Image',281474976711657,281474976711657)
INSERT INTO "system$filedocument" VALUES(1970324836975494,'0c780ef0-426e-466a-8936-1cbda1b10883',FALSE,'2022-11-30 07:24:57.848000',NULL,'2022-11-30 07:24:52.813000',16031,TRUE,58,0,'JS Step 1.PNG','TesseractOCR.Image',281474976711657,281474976711657)
INSERT INTO "system$filedocument" VALUES(1970324836975495,'bdf256b7-311a-4855-861a-5a8550e6e9b7',FALSE,'2022-11-30 07:26:30.976000',NULL,'2022-11-30 07:26:26.026000',16031,TRUE,60,0,'JS Step 1.PNG','TesseractOCR.Image',281474976711657,281474976711657)
INSERT INTO "system$filedocument" VALUES(1970324836975496,'9b94b76c-7dcd-4062-aa0d-46bfe791e6e9',FALSE,'2022-11-30 07:28:47.854000',NULL,'2022-11-30 07:28:42.438000',16031,TRUE,62,0,'JS Step 1.PNG','TesseractOCR.Image',281474976711657,281474976711657)
INSERT INTO "system$filedocument" VALUES(1970324836975497,'f41242e2-454e-4b42-8869-5855e944fe6b',FALSE,'2022-11-30 07:29:22.195000',NULL,'2022-11-30 07:29:16.997000',16031,TRUE,64,0,'JS Step 1.PNG','TesseractOCR.Image',281474976711657,281474976711657)
INSERT INTO "system$filedocument" VALUES(1970324836975498,'20a279b6-f09b-4097-9b1d-46588d3525f2',FALSE,'2022-11-30 07:29:48.946000',NULL,'2022-11-30 07:29:38.719000',16031,TRUE,66,0,'JS Step 1.PNG','TesseractOCR.Image',281474976711657,281474976711657)
INSERT INTO "system$filedocument" VALUES(1970324836975499,'6b965a85-2e29-4b46-8e23-8afcc826cb79',FALSE,'2022-11-30 07:30:37.981000',NULL,'2022-11-30 07:30:34.589000',16031,TRUE,68,0,'JS Step 1.PNG','TesseractOCR.Image',281474976711657,281474976711657)
INSERT INTO "system$filedocument" VALUES(1970324836975500,'e1ff4840-90c8-4fbe-abca-feeb6f943d60',FALSE,'2022-11-30 07:34:06.470000',NULL,'2022-11-30 07:34:02.009000',16031,TRUE,70,0,'JS Step 1.PNG','TesseractOCR.Image',281474976711657,281474976711657)
INSERT INTO "system$filedocument" VALUES(1970324836975501,'cf71d911-7013-42cd-bb1a-41b8fb90012a',FALSE,'2022-11-30 07:40:21.607000',NULL,'2022-11-30 07:39:56.713000',16031,TRUE,72,0,'JS Step 1.PNG','TesseractOCR.Image',281474976711657,281474976711657)
INSERT INTO "system$filedocument" VALUES(1970324836975502,'d5a3f40d-7300-412c-baae-a74e6ac5d57d',FALSE,'2022-11-30 07:41:00.895000',NULL,'2022-11-30 07:40:54.403000',16031,TRUE,74,0,'JS Step 1.PNG','TesseractOCR.Image',281474976711657,281474976711657)
INSERT INTO "system$filedocument" VALUES(1970324836975503,'fed3ad1d-619d-4a77-b5f3-17dcf4e1d7e5',FALSE,'2022-11-30 07:41:42.303000',NULL,'2022-11-30 07:41:38.864000',16031,TRUE,76,0,'JS Step 1.PNG','TesseractOCR.Image',281474976711657,281474976711657)
INSERT INTO "system$filedocument" VALUES(1970324836975593,'4e082e67-9855-4dd1-ae6d-699a3cee1abf',FALSE,'2022-11-30 12:01:18.027000',NULL,'2022-11-30 11:54:38.069000',211274,TRUE,78,0,'MicrosoftTeams-image (2).png','TesseractOCR.Image',281474976711757,281474976711757)
INSERT INTO "system$filedocument" VALUES(1970324836975693,'dce48642-d551-42e7-9da8-38a466bcbd3c',FALSE,'2022-12-02 07:19:33.663000',NULL,'2022-12-02 07:19:27.093000',16031,TRUE,80,0,'JS Step 1.PNG','TesseractOCR.Image',281474976711857,281474976711857)
INSERT INTO "system$filedocument" VALUES(1970324836975694,'9d3befa9-7e7b-472c-a6f1-0a2c75d8ab6d',FALSE,'2022-12-02 07:24:06.276000',NULL,'2022-12-02 07:23:09.155000',16031,TRUE,82,0,'JS Step 1.PNG','TesseractOCR.Image',281474976711857,281474976711857)
INSERT INTO "system$filedocument" VALUES(1970324836975696,'ee186e57-a149-4321-8ae3-a8dae21c9679',FALSE,'2022-12-02 07:34:26.767000',NULL,'2022-12-02 07:34:20.788000',16031,TRUE,85,0,'JS Step 1.PNG','TesseractOCR.Image',281474976711857,281474976711857)
INSERT INTO "system$filedocument" VALUES(1970324836975793,'2d14131f-1ee8-4c90-845e-35a050171411',FALSE,'2022-12-02 07:37:15.071000',NULL,'2022-12-02 07:37:09.756000',16031,TRUE,87,0,'JS Step 1.PNG','TesseractOCR.Image',281474976711958,281474976711958)
INSERT INTO "system$filedocument" VALUES(1970324836975794,'ccb3aa3e-b58f-42a0-a74b-5b68e0428205',FALSE,'2022-12-02 07:38:51.967000',NULL,'2022-12-02 07:38:11.449000',16031,TRUE,89,0,'JS Step 1.PNG','TesseractOCR.Image',281474976711958,281474976711958)
INSERT INTO "system$filedocument" VALUES(1970324836975795,'f50a8b32-1ae9-4bce-ad74-4719460bab70',FALSE,'2022-12-02 07:39:26.490000',NULL,'2022-12-02 07:39:20.565000',16031,TRUE,91,0,'JS Step 1.PNG','TesseractOCR.Image',281474976711958,281474976711958)
INSERT INTO "system$filedocument" VALUES(1970324836975796,'4d95b848-35ce-4c52-a357-a5e3fbacaaf9',FALSE,'2022-12-02 07:44:13.681000',NULL,'2022-12-02 07:44:08.329000',16031,TRUE,93,0,'JS Step 1.PNG','TesseractOCR.Image',281474976711958,281474976711958)
INSERT INTO "system$filedocument" VALUES(1970324836975797,'c2485639-f7a0-4085-a31c-079f7cb3fffb',FALSE,'2022-12-02 07:44:51.639000',NULL,'2022-12-02 07:44:46.569000',16031,TRUE,95,0,'JS Step 1.PNG','TesseractOCR.Image',281474976711958,281474976711958)
INSERT INTO "system$filedocument" VALUES(1970324836975798,'ff5b3e1c-a238-40fb-8576-9ccfbfdca1da',FALSE,'2022-12-02 07:45:26.174000',NULL,'2022-12-02 07:45:21.674000',16031,TRUE,97,0,'JS Step 1.PNG','TesseractOCR.Image',281474976711958,281474976711958)
INSERT INTO "system$filedocument" VALUES(1970324836975799,'e37794be-83e9-4911-aef3-bfefcb81a12a',FALSE,'2022-12-02 07:46:38.240000',NULL,'2022-12-02 07:46:28.763000',16031,TRUE,99,0,'JS Step 1.PNG','TesseractOCR.Image',281474976711958,281474976711958)
INSERT INTO "system$filedocument" VALUES(1970324836975800,'37b61a60-a446-4da2-b870-f23c9dac0bbb',FALSE,'2022-12-02 07:48:10.650000',NULL,'2022-12-02 07:47:04.909000',16031,TRUE,101,0,'JS Step 1.PNG','TesseractOCR.Image',281474976711958,281474976711958)
INSERT INTO "system$filedocument" VALUES(1970324836975802,'d3e021b5-14b5-4e1c-8f2c-705abb046224',FALSE,'2022-12-02 07:50:46.227000',NULL,'2022-12-02 07:50:32.981000',16031,TRUE,104,0,'JS Step 1.PNG','TesseractOCR.Image',281474976711958,281474976711958)
INSERT INTO "system$filedocument" VALUES(1970324836975803,'26d2fefc-99fb-4b11-ba7c-726c3a60c1b8',FALSE,'2022-12-02 07:52:13.792000',NULL,'2022-12-02 07:51:36.785000',16031,TRUE,106,0,'JS Step 1.PNG','TesseractOCR.Image',281474976711958,281474976711958)
INSERT INTO "system$filedocument" VALUES(1970324836975804,'9087c800-a39a-4ef6-8a5f-111726e228d1',FALSE,'2022-12-02 07:52:41.201000',NULL,'2022-12-02 07:52:35.366000',16031,TRUE,108,0,'JS Step 1.PNG','TesseractOCR.Image',281474976711958,281474976711958)
INSERT INTO "system$filedocument" VALUES(1970324836975805,'e91b18a6-8967-48e3-abd3-1a08ed73426e',FALSE,'2022-12-02 07:53:27.504000',NULL,'2022-12-02 07:53:23.210000',16031,TRUE,110,0,'JS Step 1.PNG','TesseractOCR.Image',281474976711958,281474976711958)
INSERT INTO "system$filedocument" VALUES(1970324836975806,'91e348cb-55cb-411d-ba25-4a2173aae9e8',FALSE,'2022-12-02 07:56:12.771000',NULL,'2022-12-02 07:56:06.794000',16031,TRUE,112,0,'JS Step 1.PNG','TesseractOCR.Image',281474976711958,281474976711958)
INSERT INTO "system$filedocument" VALUES(1970324836975807,'8c6bd5a6-6c3e-4243-b8f0-91334179c503',FALSE,'2022-12-02 08:09:28.431000',NULL,'2022-12-02 08:09:23.472000',16031,TRUE,114,0,'JS Step 1.PNG','TesseractOCR.Image',281474976711958,281474976711958)
INSERT INTO "system$filedocument" VALUES(1970324836975893,'e2a4cb1e-7773-4916-bfae-ef58b5f6c885',FALSE,'2022-12-02 08:13:05.134000',NULL,'2022-12-02 08:12:59.901000',16031,TRUE,116,0,'JS Step 1.PNG','TesseractOCR.Image',281474976712057,281474976712057)
INSERT INTO "system$filedocument" VALUES(1970324836975894,'04643532-c117-411f-83fc-05a76b2cc010',FALSE,'2022-12-02 08:17:08.836000',NULL,'2022-12-02 08:17:02.310000',16031,TRUE,118,0,'JS Step 1.PNG','TesseractOCR.Image',281474976712057,281474976712057)
DELETE FROM "mendixsystem$entity" WHERE "id"='2849b5e0-efce-48f3-a395-138b7884e0d4'
INSERT INTO "mendixsystem$entity" VALUES('2849b5e0-efce-48f3-a395-138b7884e0d4','TesseractOCR.Image','tesseractocr$image','37827192-315d-4ab6-85b8-f626f866ea76',FALSE,FALSE)
DELETE FROM "mendixsystem$version" WHERE "versionnumber"='4.2'
INSERT INTO "mendixsystem$version" VALUES('4.2','2022-12-02 16:14:35.204000','4.1.0','unversioned','Testing OCR App','8.18.22.55932')
COMMIT
DELETE FROM "mendixsystem$version" WHERE "versionnumber"='4.2'
INSERT INTO "mendixsystem$version" VALUES('4.2','2022-12-02 16:14:35.204000','4.1.0','unversioned','Testing OCR App','8.18.22.55932')
COMMIT
/*C3*/SET SCHEMA PUBLIC
DELETE FROM "mendixsystem$entityidentifier" WHERE "id"='d4154981-8dac-4150-aec5-efa3ef62a7a2'
INSERT INTO "mendixsystem$entityidentifier" VALUES('d4154981-8dac-4150-aec5-efa3ef62a7a2',3,1801)
COMMIT
INSERT INTO "system$xasinstance" VALUES(844424930133669,'4d234145-d405-462c-9677-905d715cd531','2022-12-02 10:44:36.290000','2022-12-02 10:44:36.306000',NULL,NULL,NULL)
COMMIT
DELETE FROM "system$userrole" WHERE "id"=3940649673949185
INSERT INTO "system$userrole" VALUES(3940649673949185,'8dd52bfa-6d7e-453b-b506-303c0a3d9567','','Administrator')
DELETE FROM "system$userrole" WHERE "id"=3940649673949186
INSERT INTO "system$userrole" VALUES(3940649673949186,'53f5d6fa-6da9-4a71-b011-454ec052cce8','','User')
COMMIT
DELETE FROM "mendixsystem$properties" WHERE "key"='Mendix.Runtime.DeploymentID'
INSERT INTO "mendixsystem$properties" VALUES('Mendix.Runtime.DeploymentID','638055944278243852')
COMMIT
DELETE FROM "system$session" WHERE "id"=8162774324610426
DELETE FROM "system$session_user" WHERE "system$sessionid"=8162774324610426 AND "system$userid"=281474976712058
COMMIT
DELETE FROM "system$xasinstance" WHERE "id"=844424930133669
INSERT INTO "system$xasinstance" VALUES(844424930133669,'4d234145-d405-462c-9677-905d715cd531','2022-12-02 10:44:36.290000','2022-12-02 10:44:37.974000',NULL,NULL,NULL)
COMMIT
DELETE FROM "mendixsystem$entityidentifier" WHERE "id"='282e2e60-88a5-469d-84a5-ba8d9151644f'
INSERT INTO "mendixsystem$entityidentifier" VALUES('282e2e60-88a5-469d-84a5-ba8d9151644f',1,1601)
COMMIT
INSERT INTO "system$user" VALUES(281474976712157,'2022-12-02 10:45:19.712000',TRUE,'2022-12-02 10:45:19.712000','2022-12-02 10:45:19.886000',FALSE,TRUE,0,FALSE,'Anonymous_305f45f1-0d9e-46ea-b565-465d8d7d08e3','{BCrypt}$2a$10$RHY5r5UHISPteWhX1/bQEu8M6RzHhBj14G2EuMgXn6CnXo8S/p10S','System.User',NULL,281474976712157)
INSERT INTO "system$userroles" VALUES(281474976712157,3940649673949185)
INSERT INTO "system$user_language" VALUES(281474976712157,9288674231451649)
COMMIT
DELETE FROM "system$user" WHERE "id"=281474976712157
INSERT INTO "system$user" VALUES(281474976712157,'2022-12-02 10:45:19.712000',TRUE,'2022-12-02 10:45:19.712000','2022-12-02 10:45:19.921000',FALSE,TRUE,0,FALSE,'Anonymous_305f45f1-0d9e-46ea-b565-465d8d7d08e3','{BCrypt}$2a$10$RHY5r5UHISPteWhX1/bQEu8M6RzHhBj14G2EuMgXn6CnXo8S/p10S','System.User',NULL,281474976712157)
COMMIT
/*C4*/SET SCHEMA PUBLIC
DELETE FROM "mendixsystem$entityidentifier" WHERE "id"='37f9fd49-5318-4c63-9a51-f761779b202f'
INSERT INTO "mendixsystem$entityidentifier" VALUES('37f9fd49-5318-4c63-9a51-f761779b202f',29,1601)
COMMIT
INSERT INTO "system$session" VALUES(8162774324610525,NULL,'9825b5e1-ed59-44b7-935d-e87bfcce3045','2022-12-02 10:45:19.966000','8e111944-5a7d-43d5-be3f-97b879d7bac9','2022-12-02 10:45:19.968000','ccee81f6-a970-4fbe-a7d7-ab63654b6904')
INSERT INTO "system$session_user" VALUES(8162774324610525,281474976712157)
COMMIT
/*C3*/DELETE FROM "mendixsystem$entityidentifier" WHERE "id"='2849b5e0-efce-48f3-a395-138b7884e0d4'
INSERT INTO "mendixsystem$entityidentifier" VALUES('2849b5e0-efce-48f3-a395-138b7884e0d4',7,1501)
COMMIT
ALTER SEQUENCE PUBLIC."system$filedocument_fileid_mxseq" RESTART WITH 121
INSERT INTO "system$filedocument" VALUES(1970324836975993,'84528f61-4583-4c57-82ec-d4cea534c392',FALSE,'2022-12-02 10:45:28.228000',NULL,'2022-12-02 10:45:21.502000',16031,TRUE,120,0,'JS Step 1.PNG','TesseractOCR.Image',281474976712157,281474976712157)
INSERT INTO "system$image" VALUES(1970324836975993,NULL,'TesseractOCR.Image')
INSERT INTO "tesseractocr$image" VALUES(1970324836975993)
COMMIT
DELETE FROM "mendixsystem$entityidentifier" WHERE "id"='4babd4c0-b903-4cb4-b1af-e59c4a5fcf3d'
INSERT INTO "mendixsystem$entityidentifier" VALUES('4babd4c0-b903-4cb4-b1af-e59c4a5fcf3d',4,1301)
COMMIT
ALTER SEQUENCE PUBLIC."system$filedocument_fileid_mxseq" RESTART WITH 122
INSERT INTO "system$filedocument" VALUES(1125899906843825,'31dcc78e-780d-4bc9-bbb1-ec64bdf75c18',FALSE,'2022-12-02 10:45:28.479000',NULL,'2022-12-02 10:45:28.256000',1459,TRUE,121,0,NULL,'System.Thumbnail',281474976712157,281474976712157)
INSERT INTO "system$thumbnail" VALUES(1125899906843825)
INSERT INTO "system$thumbnail_image" VALUES(1125899906843825,1970324836975993)
COMMIT
/*C4*/DELETE FROM "system$session" WHERE "id"=8162774324610525
INSERT INTO "system$session" VALUES(8162774324610525,NULL,'9825b5e1-ed59-44b7-935d-e87bfcce3045','2022-12-02 10:45:19.966000','8e111944-5a7d-43d5-be3f-97b879d7bac9','2022-12-02 10:45:28.561000','ccee81f6-a970-4fbe-a7d7-ab63654b6904')
COMMIT
DELETE FROM "system$xasinstance" WHERE "id"=844424930133669
INSERT INTO "system$xasinstance" VALUES(844424930133669,'4d234145-d405-462c-9677-905d715cd531','2022-12-02 10:44:36.290000','2022-12-02 10:49:38.106000',NULL,NULL,NULL)
COMMIT
DELETE FROM "system$session" WHERE "id"=8162774324610525
INSERT INTO "system$session" VALUES(8162774324610525,NULL,'9825b5e1-ed59-44b7-935d-e87bfcce3045','2022-12-02 10:45:19.966000','8e111944-5a7d-43d5-be3f-97b879d7bac9','2022-12-02 10:50:21.483000','ccee81f6-a970-4fbe-a7d7-ab63654b6904')
COMMIT
